[0.106s] Invoking command in '/home/bodlaire/Desktop/Sim/build/drive_bridge_msg': CMAKE_PREFIX_PATH=${CMAKE_PREFIX_PATH}:/opt/ros/foxy /usr/bin/cmake --build /home/bodlaire/Desktop/Sim/build/drive_bridge_msg -- -j16 -l16
[0.131s] -- Found ament_cmake: 0.9.12 (/opt/ros/foxy/share/ament_cmake/cmake)
[0.149s] -- Found PythonInterp: /usr/bin/python3 (found suitable version "3.8.10", minimum required is "3") 
[0.149s] -- Using PYTHON_EXECUTABLE: /usr/bin/python3
[0.265s] -- Found rosidl_default_generators: 1.0.1 (/opt/ros/foxy/share/rosidl_default_generators/cmake)
[0.267s] -- Using all available rosidl_typesupport_c: rosidl_typesupport_fastrtps_c;rosidl_typesupport_introspection_c
[0.270s] -- Found rosidl_adapter: 1.3.1 (/opt/ros/foxy/share/rosidl_adapter/cmake)
[0.350s] -- Using all available rosidl_typesupport_cpp: rosidl_typesupport_fastrtps_cpp;rosidl_typesupport_introspection_cpp
[0.384s] -- Found PythonInterp: /usr/bin/python3 (found version "3.8.10") 
[0.452s] -- Found ament_cmake_ros: 0.9.2 (/opt/ros/foxy/share/ament_cmake_ros/cmake)
[0.510s] -- Using all available rosidl_typesupport_c: rosidl_typesupport_fastrtps_c;rosidl_typesupport_introspection_c
[0.514s] -- Using all available rosidl_typesupport_cpp: rosidl_typesupport_fastrtps_cpp;rosidl_typesupport_introspection_cpp
[0.533s] -- Found PythonInterp: /usr/bin/python3 (found suitable version "3.8.10", minimum required is "3.5") 
[0.533s] -- Found python_cmake_module: 0.8.1 (/opt/ros/foxy/share/python_cmake_module/cmake)
[0.552s] -- Using PYTHON_EXECUTABLE: /usr/bin/python3
[0.552s] -- Using PYTHON_INCLUDE_DIRS: /usr/include/python3.8
[0.552s] -- Using PYTHON_LIBRARIES: /usr/lib/x86_64-linux-gnu/libpython3.8.so
[0.562s] -- Found ament_lint_auto: 0.9.8 (/opt/ros/foxy/share/ament_lint_auto/cmake)
[0.568s] -- Added test 'copyright' to check source files copyright and LICENSE
[0.568s] -- Added test 'lint_cmake' to check CMake code style
[0.569s] -- Added test 'xmllint' to check XML markup files
[0.571s] -- Configuring done
[0.588s] -- Generating done
[0.590s] -- Build files have been written to: /home/bodlaire/Desktop/Sim/build/drive_bridge_msg
[0.616s] [  3%] [34m[1mGenerating C code for ROS interfaces[0m
[0.630s] [  6%] [34m[1mGenerating C++ code for ROS interfaces[0m
[0.764s] [35m[1mScanning dependencies of target drive_bridge_msg__rosidl_generator_c[0m
[0.771s] [  9%] [32mBuilding C object CMakeFiles/drive_bridge_msg__rosidl_generator_c.dir/rosidl_generator_c/drive_bridge_msg/msg/detail/input_values__functions.c.o[0m
[0.778s] [  9%] Built target drive_bridge_msg__cpp
[0.789s] [ 12%] [34m[1mGenerating C++ type support for eProsima Fast-RTPS[0m
[0.789s] [ 16%] [34m[1mGenerating C++ type support dispatch for ROS interfaces[0m
[0.789s] [ 19%] [34m[1mGenerating C++ introspection for ROS interfaces[0m
[0.825s] [ 22%] [32m[1mLinking C shared library libdrive_bridge_msg__rosidl_generator_c.so[0m
[0.868s] [ 22%] Built target drive_bridge_msg__rosidl_generator_c
[0.878s] [ 29%] [34m[1mGenerating C introspection for ROS interfaces[0m
[0.878s] [ 29%] [34m[1mGenerating C type support dispatch for ROS interfaces[0m
[0.930s] [35m[1mScanning dependencies of target drive_bridge_msg__rosidl_typesupport_cpp[0m
[0.935s] [35m[1mScanning dependencies of target drive_bridge_msg__rosidl_typesupport_introspection_cpp[0m
[0.941s] [35m[1mScanning dependencies of target drive_bridge_msg__rosidl_typesupport_fastrtps_cpp[0m
[0.942s] [ 32%] [32mBuilding CXX object CMakeFiles/drive_bridge_msg__rosidl_typesupport_cpp.dir/rosidl_typesupport_cpp/drive_bridge_msg/msg/input_values__type_support.cpp.o[0m
[0.947s] [ 35%] [32mBuilding CXX object CMakeFiles/drive_bridge_msg__rosidl_typesupport_introspection_cpp.dir/rosidl_typesupport_introspection_cpp/drive_bridge_msg/msg/detail/input_values__type_support.cpp.o[0m
[0.954s] [ 38%] [32mBuilding CXX object CMakeFiles/drive_bridge_msg__rosidl_typesupport_fastrtps_cpp.dir/rosidl_typesupport_fastrtps_cpp/drive_bridge_msg/msg/detail/dds_fastrtps/input_values__type_support.cpp.o[0m
[1.013s] [35m[1mScanning dependencies of target drive_bridge_msg__rosidl_typesupport_c[0m
[1.027s] [ 41%] [32mBuilding CXX object CMakeFiles/drive_bridge_msg__rosidl_typesupport_c.dir/rosidl_typesupport_c/drive_bridge_msg/msg/input_values__type_support.cpp.o[0m
[1.039s] [35m[1mScanning dependencies of target drive_bridge_msg__rosidl_typesupport_introspection_c[0m
[1.054s] [ 45%] [32mBuilding C object CMakeFiles/drive_bridge_msg__rosidl_typesupport_introspection_c.dir/rosidl_typesupport_introspection_c/drive_bridge_msg/msg/detail/input_values__type_support.c.o[0m
[1.057s] [ 48%] [32m[1mLinking CXX shared library libdrive_bridge_msg__rosidl_typesupport_c.so[0m
[1.086s] [ 51%] [32m[1mLinking C shared library libdrive_bridge_msg__rosidl_typesupport_introspection_c.so[0m
[1.096s] [ 51%] Built target drive_bridge_msg__rosidl_typesupport_c
[1.120s] [ 51%] Built target drive_bridge_msg__rosidl_typesupport_introspection_c
[1.162s] [ 54%] [32m[1mLinking CXX shared library libdrive_bridge_msg__rosidl_typesupport_cpp.so[0m
[1.165s] [ 58%] [32m[1mLinking CXX shared library libdrive_bridge_msg__rosidl_typesupport_introspection_cpp.so[0m
[1.202s] [ 58%] Built target drive_bridge_msg__rosidl_typesupport_cpp
[1.202s] [ 58%] Built target drive_bridge_msg__rosidl_typesupport_introspection_cpp
[1.271s] [ 61%] [32m[1mLinking CXX shared library libdrive_bridge_msg__rosidl_typesupport_fastrtps_cpp.so[0m
[1.331s] [ 61%] Built target drive_bridge_msg__rosidl_typesupport_fastrtps_cpp
[1.344s] [ 64%] [34m[1mGenerating C type support for eProsima Fast-RTPS[0m
[1.481s] [35m[1mScanning dependencies of target drive_bridge_msg__rosidl_typesupport_fastrtps_c[0m
[1.491s] [ 67%] [32mBuilding CXX object CMakeFiles/drive_bridge_msg__rosidl_typesupport_fastrtps_c.dir/rosidl_typesupport_fastrtps_c/drive_bridge_msg/msg/detail/input_values__type_support_c.cpp.o[0m
[1.707s] [ 70%] [32m[1mLinking CXX shared library libdrive_bridge_msg__rosidl_typesupport_fastrtps_c.so[0m
[1.769s] [ 70%] Built target drive_bridge_msg__rosidl_typesupport_fastrtps_c
[1.791s] [ 70%] Built target drive_bridge_msg
[1.818s] [ 74%] [34m[1mGenerating Python code for ROS interfaces[0m
[2.073s] [ 74%] Built target drive_bridge_msg__py
[2.081s] [35m[1mScanning dependencies of target drive_bridge_msg__python[0m
[2.092s] [ 77%] [32mBuilding C object CMakeFiles/drive_bridge_msg__python.dir/rosidl_generator_py/drive_bridge_msg/msg/_input_values_s.c.o[0m
[2.176s] [ 80%] [32m[1mLinking C shared library rosidl_generator_py/drive_bridge_msg/libdrive_bridge_msg__python.so[0m
[2.213s] [ 80%] Built target drive_bridge_msg__python
[2.222s] [35m[1mScanning dependencies of target drive_bridge_msg__rosidl_typesupport_introspection_c__pyext[0m
[2.222s] [35m[1mScanning dependencies of target drive_bridge_msg__rosidl_typesupport_c__pyext[0m
[2.224s] [35m[1mScanning dependencies of target drive_bridge_msg__rosidl_typesupport_fastrtps_c__pyext[0m
[2.233s] [ 83%] [32mBuilding C object CMakeFiles/drive_bridge_msg__rosidl_typesupport_introspection_c__pyext.dir/rosidl_generator_py/drive_bridge_msg/_drive_bridge_msg_s.ep.rosidl_typesupport_introspection_c.c.o[0m
[2.234s] [ 87%] [32mBuilding C object CMakeFiles/drive_bridge_msg__rosidl_typesupport_c__pyext.dir/rosidl_generator_py/drive_bridge_msg/_drive_bridge_msg_s.ep.rosidl_typesupport_c.c.o[0m
[2.234s] [ 90%] [32mBuilding C object CMakeFiles/drive_bridge_msg__rosidl_typesupport_fastrtps_c__pyext.dir/rosidl_generator_py/drive_bridge_msg/_drive_bridge_msg_s.ep.rosidl_typesupport_fastrtps_c.c.o[0m
[2.284s] [ 93%] [32m[1mLinking C shared library rosidl_generator_py/drive_bridge_msg/drive_bridge_msg_s__rosidl_typesupport_introspection_c.cpython-38-x86_64-linux-gnu.so[0m
[2.284s] [ 96%] [32m[1mLinking C shared library rosidl_generator_py/drive_bridge_msg/drive_bridge_msg_s__rosidl_typesupport_c.cpython-38-x86_64-linux-gnu.so[0m
[2.289s] [100%] [32m[1mLinking CXX shared library rosidl_generator_py/drive_bridge_msg/drive_bridge_msg_s__rosidl_typesupport_fastrtps_c.cpython-38-x86_64-linux-gnu.so[0m
[2.306s] [100%] Built target drive_bridge_msg__rosidl_typesupport_c__pyext
[2.315s] [100%] Built target drive_bridge_msg__rosidl_typesupport_introspection_c__pyext
[2.335s] [100%] Built target drive_bridge_msg__rosidl_typesupport_fastrtps_c__pyext
[2.344s] Invoked command in '/home/bodlaire/Desktop/Sim/build/drive_bridge_msg' returned '0': CMAKE_PREFIX_PATH=${CMAKE_PREFIX_PATH}:/opt/ros/foxy /usr/bin/cmake --build /home/bodlaire/Desktop/Sim/build/drive_bridge_msg -- -j16 -l16
[2.395s] Invoking command in '/home/bodlaire/Desktop/Sim/build/drive_bridge_msg': CMAKE_PREFIX_PATH=${CMAKE_PREFIX_PATH}:/opt/ros/foxy /usr/bin/cmake --install /home/bodlaire/Desktop/Sim/build/drive_bridge_msg
[2.406s] -- Install configuration: ""
[2.406s] -- Up-to-date: /home/bodlaire/Desktop/Sim/install/drive_bridge_msg/share/ament_index/resource_index/rosidl_interfaces/drive_bridge_msg
[2.406s] -- Up-to-date: /home/bodlaire/Desktop/Sim/install/drive_bridge_msg/include/drive_bridge_msg
[2.406s] -- Up-to-date: /home/bodlaire/Desktop/Sim/install/drive_bridge_msg/include/drive_bridge_msg/msg
[2.406s] -- Up-to-date: /home/bodlaire/Desktop/Sim/install/drive_bridge_msg/include/drive_bridge_msg/msg/detail
[2.407s] -- Installing: /home/bodlaire/Desktop/Sim/install/drive_bridge_msg/include/drive_bridge_msg/msg/detail/input_values__struct.h
[2.407s] -- Installing: /home/bodlaire/Desktop/Sim/install/drive_bridge_msg/include/drive_bridge_msg/msg/detail/input_values__type_support.h
[2.407s] -- Installing: /home/bodlaire/Desktop/Sim/install/drive_bridge_msg/include/drive_bridge_msg/msg/detail/input_values__functions.c
[2.407s] -- Installing: /home/bodlaire/Desktop/Sim/install/drive_bridge_msg/include/drive_bridge_msg/msg/detail/input_values__functions.h
[2.407s] -- Up-to-date: /home/bodlaire/Desktop/Sim/install/drive_bridge_msg/include/drive_bridge_msg/msg/rosidl_generator_c__visibility_control.h
[2.407s] -- Installing: /home/bodlaire/Desktop/Sim/install/drive_bridge_msg/include/drive_bridge_msg/msg/input_values.h
[2.407s] -- Up-to-date: /home/bodlaire/Desktop/Sim/install/drive_bridge_msg/share/drive_bridge_msg/environment/library_path.sh
[2.407s] -- Installing: /home/bodlaire/Desktop/Sim/install/drive_bridge_msg/share/drive_bridge_msg/environment/library_path.dsv
[2.407s] -- Installing: /home/bodlaire/Desktop/Sim/install/drive_bridge_msg/lib/libdrive_bridge_msg__rosidl_generator_c.so
[2.407s] -- Set runtime path of "/home/bodlaire/Desktop/Sim/install/drive_bridge_msg/lib/libdrive_bridge_msg__rosidl_generator_c.so" to ""
[2.408s] -- Up-to-date: /home/bodlaire/Desktop/Sim/install/drive_bridge_msg/include/drive_bridge_msg
[2.408s] -- Up-to-date: /home/bodlaire/Desktop/Sim/install/drive_bridge_msg/include/drive_bridge_msg/msg
[2.408s] -- Up-to-date: /home/bodlaire/Desktop/Sim/install/drive_bridge_msg/include/drive_bridge_msg/msg/detail
[2.408s] -- Installing: /home/bodlaire/Desktop/Sim/install/drive_bridge_msg/include/drive_bridge_msg/msg/detail/input_values__rosidl_typesupport_fastrtps_c.h
[2.408s] -- Up-to-date: /home/bodlaire/Desktop/Sim/install/drive_bridge_msg/include/drive_bridge_msg/msg/rosidl_typesupport_fastrtps_c__visibility_control.h
[2.408s] -- Installing: /home/bodlaire/Desktop/Sim/install/drive_bridge_msg/lib/libdrive_bridge_msg__rosidl_typesupport_fastrtps_c.so
[2.408s] -- Set runtime path of "/home/bodlaire/Desktop/Sim/install/drive_bridge_msg/lib/libdrive_bridge_msg__rosidl_typesupport_fastrtps_c.so" to ""
[2.408s] -- Up-to-date: /home/bodlaire/Desktop/Sim/install/drive_bridge_msg/include/drive_bridge_msg
[2.408s] -- Up-to-date: /home/bodlaire/Desktop/Sim/install/drive_bridge_msg/include/drive_bridge_msg/msg
[2.408s] -- Up-to-date: /home/bodlaire/Desktop/Sim/install/drive_bridge_msg/include/drive_bridge_msg/msg/detail
[2.409s] -- Installing: /home/bodlaire/Desktop/Sim/install/drive_bridge_msg/include/drive_bridge_msg/msg/detail/input_values__rosidl_typesupport_fastrtps_cpp.hpp
[2.409s] -- Up-to-date: /home/bodlaire/Desktop/Sim/install/drive_bridge_msg/include/drive_bridge_msg/msg/detail/dds_fastrtps
[2.409s] -- Up-to-date: /home/bodlaire/Desktop/Sim/install/drive_bridge_msg/include/drive_bridge_msg/msg/rosidl_typesupport_fastrtps_cpp__visibility_control.h
[2.409s] -- Installing: /home/bodlaire/Desktop/Sim/install/drive_bridge_msg/lib/libdrive_bridge_msg__rosidl_typesupport_fastrtps_cpp.so
[2.409s] -- Set runtime path of "/home/bodlaire/Desktop/Sim/install/drive_bridge_msg/lib/libdrive_bridge_msg__rosidl_typesupport_fastrtps_cpp.so" to ""
[2.409s] -- Up-to-date: /home/bodlaire/Desktop/Sim/install/drive_bridge_msg/include/drive_bridge_msg
[2.409s] -- Up-to-date: /home/bodlaire/Desktop/Sim/install/drive_bridge_msg/include/drive_bridge_msg/msg
[2.409s] -- Up-to-date: /home/bodlaire/Desktop/Sim/install/drive_bridge_msg/include/drive_bridge_msg/msg/detail
[2.409s] -- Installing: /home/bodlaire/Desktop/Sim/install/drive_bridge_msg/include/drive_bridge_msg/msg/detail/input_values__rosidl_typesupport_introspection_c.h
[2.409s] -- Installing: /home/bodlaire/Desktop/Sim/install/drive_bridge_msg/include/drive_bridge_msg/msg/detail/input_values__type_support.c
[2.410s] -- Up-to-date: /home/bodlaire/Desktop/Sim/install/drive_bridge_msg/include/drive_bridge_msg/msg/rosidl_typesupport_introspection_c__visibility_control.h
[2.410s] -- Installing: /home/bodlaire/Desktop/Sim/install/drive_bridge_msg/lib/libdrive_bridge_msg__rosidl_typesupport_introspection_c.so
[2.410s] -- Set runtime path of "/home/bodlaire/Desktop/Sim/install/drive_bridge_msg/lib/libdrive_bridge_msg__rosidl_typesupport_introspection_c.so" to ""
[2.410s] -- Installing: /home/bodlaire/Desktop/Sim/install/drive_bridge_msg/lib/libdrive_bridge_msg__rosidl_typesupport_c.so
[2.410s] -- Set runtime path of "/home/bodlaire/Desktop/Sim/install/drive_bridge_msg/lib/libdrive_bridge_msg__rosidl_typesupport_c.so" to ""
[2.410s] -- Up-to-date: /home/bodlaire/Desktop/Sim/install/drive_bridge_msg/include/drive_bridge_msg
[2.410s] -- Up-to-date: /home/bodlaire/Desktop/Sim/install/drive_bridge_msg/include/drive_bridge_msg/msg
[2.410s] -- Up-to-date: /home/bodlaire/Desktop/Sim/install/drive_bridge_msg/include/drive_bridge_msg/msg/rosidl_generator_cpp__visibility_control.hpp
[2.410s] -- Up-to-date: /home/bodlaire/Desktop/Sim/install/drive_bridge_msg/include/drive_bridge_msg/msg/detail
[2.410s] -- Installing: /home/bodlaire/Desktop/Sim/install/drive_bridge_msg/include/drive_bridge_msg/msg/detail/input_values__builder.hpp
[2.411s] -- Installing: /home/bodlaire/Desktop/Sim/install/drive_bridge_msg/include/drive_bridge_msg/msg/detail/input_values__traits.hpp
[2.411s] -- Installing: /home/bodlaire/Desktop/Sim/install/drive_bridge_msg/include/drive_bridge_msg/msg/detail/input_values__struct.hpp
[2.411s] -- Installing: /home/bodlaire/Desktop/Sim/install/drive_bridge_msg/include/drive_bridge_msg/msg/detail/input_values__type_support.hpp
[2.411s] -- Installing: /home/bodlaire/Desktop/Sim/install/drive_bridge_msg/include/drive_bridge_msg/msg/input_values.hpp
[2.411s] -- Up-to-date: /home/bodlaire/Desktop/Sim/install/drive_bridge_msg/include/drive_bridge_msg
[2.411s] -- Up-to-date: /home/bodlaire/Desktop/Sim/install/drive_bridge_msg/include/drive_bridge_msg/msg
[2.411s] -- Up-to-date: /home/bodlaire/Desktop/Sim/install/drive_bridge_msg/include/drive_bridge_msg/msg/detail
[2.411s] -- Installing: /home/bodlaire/Desktop/Sim/install/drive_bridge_msg/include/drive_bridge_msg/msg/detail/input_values__rosidl_typesupport_introspection_cpp.hpp
[2.411s] -- Installing: /home/bodlaire/Desktop/Sim/install/drive_bridge_msg/include/drive_bridge_msg/msg/detail/input_values__type_support.cpp
[2.411s] -- Installing: /home/bodlaire/Desktop/Sim/install/drive_bridge_msg/lib/libdrive_bridge_msg__rosidl_typesupport_introspection_cpp.so
[2.411s] -- Set runtime path of "/home/bodlaire/Desktop/Sim/install/drive_bridge_msg/lib/libdrive_bridge_msg__rosidl_typesupport_introspection_cpp.so" to ""
[2.411s] -- Installing: /home/bodlaire/Desktop/Sim/install/drive_bridge_msg/lib/libdrive_bridge_msg__rosidl_typesupport_cpp.so
[2.412s] -- Set runtime path of "/home/bodlaire/Desktop/Sim/install/drive_bridge_msg/lib/libdrive_bridge_msg__rosidl_typesupport_cpp.so" to ""
[2.412s] -- Up-to-date: /home/bodlaire/Desktop/Sim/install/drive_bridge_msg/share/drive_bridge_msg/environment/pythonpath.sh
[2.412s] -- Installing: /home/bodlaire/Desktop/Sim/install/drive_bridge_msg/share/drive_bridge_msg/environment/pythonpath.dsv
[2.412s] -- Installing: /home/bodlaire/Desktop/Sim/install/drive_bridge_msg/lib/python3.8/site-packages/drive_bridge_msg/__init__.py
[2.435s] Compiling '/home/bodlaire/Desktop/Sim/install/drive_bridge_msg/lib/python3.8/site-packages/drive_bridge_msg/__init__.py'...
[2.438s] -- Up-to-date: /home/bodlaire/Desktop/Sim/install/drive_bridge_msg/lib/python3.8/site-packages/drive_bridge_msg/msg
[2.438s] -- Installing: /home/bodlaire/Desktop/Sim/install/drive_bridge_msg/lib/python3.8/site-packages/drive_bridge_msg/msg/_input_values_s.c
[2.438s] -- Installing: /home/bodlaire/Desktop/Sim/install/drive_bridge_msg/lib/python3.8/site-packages/drive_bridge_msg/msg/_input_values.py
[2.438s] -- Installing: /home/bodlaire/Desktop/Sim/install/drive_bridge_msg/lib/python3.8/site-packages/drive_bridge_msg/msg/__init__.py
[2.439s] -- Installing: /home/bodlaire/Desktop/Sim/install/drive_bridge_msg/lib/python3.8/site-packages/drive_bridge_msg/drive_bridge_msg_s__rosidl_typesupport_fastrtps_c.cpython-38-x86_64-linux-gnu.so
[2.440s] -- Set runtime path of "/home/bodlaire/Desktop/Sim/install/drive_bridge_msg/lib/python3.8/site-packages/drive_bridge_msg/drive_bridge_msg_s__rosidl_typesupport_fastrtps_c.cpython-38-x86_64-linux-gnu.so" to ""
[2.441s] -- Installing: /home/bodlaire/Desktop/Sim/install/drive_bridge_msg/lib/python3.8/site-packages/drive_bridge_msg/drive_bridge_msg_s__rosidl_typesupport_introspection_c.cpython-38-x86_64-linux-gnu.so
[2.442s] -- Set runtime path of "/home/bodlaire/Desktop/Sim/install/drive_bridge_msg/lib/python3.8/site-packages/drive_bridge_msg/drive_bridge_msg_s__rosidl_typesupport_introspection_c.cpython-38-x86_64-linux-gnu.so" to ""
[2.442s] -- Installing: /home/bodlaire/Desktop/Sim/install/drive_bridge_msg/lib/python3.8/site-packages/drive_bridge_msg/drive_bridge_msg_s__rosidl_typesupport_c.cpython-38-x86_64-linux-gnu.so
[2.443s] -- Set runtime path of "/home/bodlaire/Desktop/Sim/install/drive_bridge_msg/lib/python3.8/site-packages/drive_bridge_msg/drive_bridge_msg_s__rosidl_typesupport_c.cpython-38-x86_64-linux-gnu.so" to ""
[2.443s] -- Installing: /home/bodlaire/Desktop/Sim/install/drive_bridge_msg/lib/libdrive_bridge_msg__python.so
[2.444s] -- Set runtime path of "/home/bodlaire/Desktop/Sim/install/drive_bridge_msg/lib/libdrive_bridge_msg__python.so" to ""
[2.444s] -- Installing: /home/bodlaire/Desktop/Sim/install/drive_bridge_msg/share/drive_bridge_msg/msg/InputValues.idl
[2.444s] -- Installing: /home/bodlaire/Desktop/Sim/install/drive_bridge_msg/share/drive_bridge_msg/msg/InputValues.msg
[2.444s] -- Up-to-date: /home/bodlaire/Desktop/Sim/install/drive_bridge_msg/share/ament_index/resource_index/package_run_dependencies/drive_bridge_msg
[2.445s] -- Installing: /home/bodlaire/Desktop/Sim/install/drive_bridge_msg/share/ament_index/resource_index/parent_prefix_path/drive_bridge_msg
[2.445s] -- Up-to-date: /home/bodlaire/Desktop/Sim/install/drive_bridge_msg/share/drive_bridge_msg/environment/ament_prefix_path.sh
[2.445s] -- Installing: /home/bodlaire/Desktop/Sim/install/drive_bridge_msg/share/drive_bridge_msg/environment/ament_prefix_path.dsv
[2.445s] -- Up-to-date: /home/bodlaire/Desktop/Sim/install/drive_bridge_msg/share/drive_bridge_msg/environment/path.sh
[2.445s] -- Installing: /home/bodlaire/Desktop/Sim/install/drive_bridge_msg/share/drive_bridge_msg/environment/path.dsv
[2.445s] -- Up-to-date: /home/bodlaire/Desktop/Sim/install/drive_bridge_msg/share/drive_bridge_msg/local_setup.bash
[2.445s] -- Up-to-date: /home/bodlaire/Desktop/Sim/install/drive_bridge_msg/share/drive_bridge_msg/local_setup.sh
[2.445s] -- Up-to-date: /home/bodlaire/Desktop/Sim/install/drive_bridge_msg/share/drive_bridge_msg/local_setup.zsh
[2.445s] -- Installing: /home/bodlaire/Desktop/Sim/install/drive_bridge_msg/share/drive_bridge_msg/local_setup.dsv
[2.446s] -- Installing: /home/bodlaire/Desktop/Sim/install/drive_bridge_msg/share/drive_bridge_msg/package.dsv
[2.446s] -- Up-to-date: /home/bodlaire/Desktop/Sim/install/drive_bridge_msg/share/ament_index/resource_index/packages/drive_bridge_msg
[2.446s] -- Up-to-date: /home/bodlaire/Desktop/Sim/install/drive_bridge_msg/share/drive_bridge_msg/cmake/drive_bridge_msg__rosidl_generator_cExport.cmake
[2.446s] -- Installing: /home/bodlaire/Desktop/Sim/install/drive_bridge_msg/share/drive_bridge_msg/cmake/drive_bridge_msg__rosidl_generator_cExport-noconfig.cmake
[2.447s] -- Up-to-date: /home/bodlaire/Desktop/Sim/install/drive_bridge_msg/share/drive_bridge_msg/cmake/drive_bridge_msg__rosidl_typesupport_introspection_cExport.cmake
[2.447s] -- Installing: /home/bodlaire/Desktop/Sim/install/drive_bridge_msg/share/drive_bridge_msg/cmake/drive_bridge_msg__rosidl_typesupport_introspection_cExport-noconfig.cmake
[2.447s] -- Up-to-date: /home/bodlaire/Desktop/Sim/install/drive_bridge_msg/share/drive_bridge_msg/cmake/drive_bridge_msg__rosidl_typesupport_cExport.cmake
[2.447s] -- Installing: /home/bodlaire/Desktop/Sim/install/drive_bridge_msg/share/drive_bridge_msg/cmake/drive_bridge_msg__rosidl_typesupport_cExport-noconfig.cmake
[2.448s] -- Up-to-date: /home/bodlaire/Desktop/Sim/install/drive_bridge_msg/share/drive_bridge_msg/cmake/drive_bridge_msg__rosidl_generator_cppExport.cmake
[2.448s] -- Up-to-date: /home/bodlaire/Desktop/Sim/install/drive_bridge_msg/share/drive_bridge_msg/cmake/drive_bridge_msg__rosidl_typesupport_introspection_cppExport.cmake
[2.448s] -- Installing: /home/bodlaire/Desktop/Sim/install/drive_bridge_msg/share/drive_bridge_msg/cmake/drive_bridge_msg__rosidl_typesupport_introspection_cppExport-noconfig.cmake
[2.448s] -- Up-to-date: /home/bodlaire/Desktop/Sim/install/drive_bridge_msg/share/drive_bridge_msg/cmake/drive_bridge_msg__rosidl_typesupport_cppExport.cmake
[2.448s] -- Installing: /home/bodlaire/Desktop/Sim/install/drive_bridge_msg/share/drive_bridge_msg/cmake/drive_bridge_msg__rosidl_typesupport_cppExport-noconfig.cmake
[2.448s] -- Up-to-date: /home/bodlaire/Desktop/Sim/install/drive_bridge_msg/share/drive_bridge_msg/cmake/rosidl_cmake-extras.cmake
[2.448s] -- Up-to-date: /home/bodlaire/Desktop/Sim/install/drive_bridge_msg/share/drive_bridge_msg/cmake/ament_cmake_export_dependencies-extras.cmake
[2.449s] -- Up-to-date: /home/bodlaire/Desktop/Sim/install/drive_bridge_msg/share/drive_bridge_msg/cmake/ament_cmake_export_libraries-extras.cmake
[2.449s] -- Up-to-date: /home/bodlaire/Desktop/Sim/install/drive_bridge_msg/share/drive_bridge_msg/cmake/ament_cmake_export_targets-extras.cmake
[2.449s] -- Up-to-date: /home/bodlaire/Desktop/Sim/install/drive_bridge_msg/share/drive_bridge_msg/cmake/ament_cmake_export_include_directories-extras.cmake
[2.449s] -- Up-to-date: /home/bodlaire/Desktop/Sim/install/drive_bridge_msg/share/drive_bridge_msg/cmake/rosidl_cmake_export_typesupport_libraries-extras.cmake
[2.449s] -- Up-to-date: /home/bodlaire/Desktop/Sim/install/drive_bridge_msg/share/drive_bridge_msg/cmake/rosidl_cmake_export_typesupport_targets-extras.cmake
[2.449s] -- Up-to-date: /home/bodlaire/Desktop/Sim/install/drive_bridge_msg/share/drive_bridge_msg/cmake/drive_bridge_msgConfig.cmake
[2.449s] -- Up-to-date: /home/bodlaire/Desktop/Sim/install/drive_bridge_msg/share/drive_bridge_msg/cmake/drive_bridge_msgConfig-version.cmake
[2.449s] -- Up-to-date: /home/bodlaire/Desktop/Sim/install/drive_bridge_msg/share/drive_bridge_msg/package.xml
[2.451s] Invoked command in '/home/bodlaire/Desktop/Sim/build/drive_bridge_msg' returned '0': CMAKE_PREFIX_PATH=${CMAKE_PREFIX_PATH}:/opt/ros/foxy /usr/bin/cmake --install /home/bodlaire/Desktop/Sim/build/drive_bridge_msg
