-- Found ament_cmake: 0.9.12 (/opt/ros/foxy/share/ament_cmake/cmake)
-- Found PythonInterp: /usr/bin/python3 (found suitable version "3.8.10", minimum required is "3") 
-- Using PYTHON_EXECUTABLE: /usr/bin/python3
-- Found rosidl_default_generators: 1.0.1 (/opt/ros/foxy/share/rosidl_default_generators/cmake)
-- Using all available rosidl_typesupport_c: rosidl_typesupport_fastrtps_c;rosidl_typesupport_introspection_c
-- Found rosidl_adapter: 1.3.1 (/opt/ros/foxy/share/rosidl_adapter/cmake)
-- Using all available rosidl_typesupport_cpp: rosidl_typesupport_fastrtps_cpp;rosidl_typesupport_introspection_cpp
-- Found PythonInterp: /usr/bin/python3 (found version "3.8.10") 
-- Found ament_cmake_ros: 0.9.2 (/opt/ros/foxy/share/ament_cmake_ros/cmake)
-- Using all available rosidl_typesupport_c: rosidl_typesupport_fastrtps_c;rosidl_typesupport_introspection_c
-- Using all available rosidl_typesupport_cpp: rosidl_typesupport_fastrtps_cpp;rosidl_typesupport_introspection_cpp
-- Found PythonInterp: /usr/bin/python3 (found suitable version "3.8.10", minimum required is "3.5") 
-- Found python_cmake_module: 0.8.1 (/opt/ros/foxy/share/python_cmake_module/cmake)
-- Using PYTHON_EXECUTABLE: /usr/bin/python3
-- Using PYTHON_INCLUDE_DIRS: /usr/include/python3.8
-- Using PYTHON_LIBRARIES: /usr/lib/x86_64-linux-gnu/libpython3.8.so
-- Found ament_lint_auto: 0.9.8 (/opt/ros/foxy/share/ament_lint_auto/cmake)
-- Added test 'copyright' to check source files copyright and LICENSE
-- Added test 'lint_cmake' to check CMake code style
-- Added test 'xmllint' to check XML markup files
-- Configuring done
-- Generating done
-- Build files have been written to: /home/bodlaire/Desktop/Sim/build/drive_bridge_msg
[  3%] [34m[1mGenerating C code for ROS interfaces[0m
[  6%] [34m[1mGenerating C++ code for ROS interfaces[0m
[35m[1mScanning dependencies of target drive_bridge_msg__rosidl_generator_c[0m
[  9%] [32mBuilding C object CMakeFiles/drive_bridge_msg__rosidl_generator_c.dir/rosidl_generator_c/drive_bridge_msg/msg/detail/input_values__functions.c.o[0m
[  9%] Built target drive_bridge_msg__cpp
[ 12%] [34m[1mGenerating C++ type support dispatch for ROS interfaces[0m
[ 16%] [34m[1mGenerating C++ introspection for ROS interfaces[0m
[ 19%] [34m[1mGenerating C++ type support for eProsima Fast-RTPS[0m
In file included from [01m[K/home/bodlaire/Desktop/Sim/build/drive_bridge_msg/rosidl_generator_c/drive_bridge_msg/msg/detail/input_values__functions.h:19[m[K,
                 from [01m[K/home/bodlaire/Desktop/Sim/build/drive_bridge_msg/rosidl_generator_c/drive_bridge_msg/msg/detail/input_values__functions.c:4[m[K:
[01m[K/home/bodlaire/Desktop/Sim/build/drive_bridge_msg/rosidl_generator_c/drive_bridge_msg/msg/detail/input_values__struct.h:23:10:[m[K [01;31m[Kfatal error: [m[Kdrive_bridge_msg/msg/detail/float64__struct.h: No such file or directory
   23 | #include [01;31m[K"drive_bridge_msg/msg/detail/float64__struct.h"[m[K
      |          [01;31m[K^~~~~~~~~~~~~~~~~~~~~~~~~~~~~~~~~~~~~~~~~~~~~~~[m[K
compilation terminated.
make[2]: *** [CMakeFiles/drive_bridge_msg__rosidl_generator_c.dir/build.make:92: CMakeFiles/drive_bridge_msg__rosidl_generator_c.dir/rosidl_generator_c/drive_bridge_msg/msg/detail/input_values__functions.c.o] Error 1
make[1]: *** [CMakeFiles/Makefile2:305: CMakeFiles/drive_bridge_msg__rosidl_generator_c.dir/all] Error 2
make[1]: *** Waiting for unfinished jobs....
[35m[1mScanning dependencies of target drive_bridge_msg__rosidl_typesupport_cpp[0m
[ 22%] [32mBuilding CXX object CMakeFiles/drive_bridge_msg__rosidl_typesupport_cpp.dir/rosidl_typesupport_cpp/drive_bridge_msg/msg/input_values__type_support.cpp.o[0m
[35m[1mScanning dependencies of target drive_bridge_msg__rosidl_typesupport_fastrtps_cpp[0m
[ 25%] [32mBuilding CXX object CMakeFiles/drive_bridge_msg__rosidl_typesupport_fastrtps_cpp.dir/rosidl_typesupport_fastrtps_cpp/drive_bridge_msg/msg/detail/dds_fastrtps/input_values__type_support.cpp.o[0m
[35m[1mScanning dependencies of target drive_bridge_msg__rosidl_typesupport_introspection_cpp[0m
[ 29%] [32mBuilding CXX object CMakeFiles/drive_bridge_msg__rosidl_typesupport_introspection_cpp.dir/rosidl_typesupport_introspection_cpp/drive_bridge_msg/msg/detail/input_values__type_support.cpp.o[0m
In file included from [01m[K/home/bodlaire/Desktop/Sim/build/drive_bridge_msg/rosidl_typesupport_fastrtps_cpp/drive_bridge_msg/msg/detail/input_values__rosidl_typesupport_fastrtps_cpp.hpp:11[m[K,
                 from [01m[K/home/bodlaire/Desktop/Sim/build/drive_bridge_msg/rosidl_typesupport_fastrtps_cpp/drive_bridge_msg/msg/detail/dds_fastrtps/input_values__type_support.cpp:4[m[K:
[01m[K/home/bodlaire/Desktop/Sim/build/drive_bridge_msg/rosidl_generator_cpp/drive_bridge_msg/msg/detail/input_values__struct.hpp:20:10:[m[K [01;31m[Kfatal error: [m[Kdrive_bridge_msg/msg/detail/float64__struct.hpp: No such file or directory
   20 | #include [01;31m[K"drive_bridge_msg/msg/detail/float64__struct.hpp"[m[K
      |          [01;31m[K^~~~~~~~~~~~~~~~~~~~~~~~~~~~~~~~~~~~~~~~~~~~~~~~~[m[K
In file included from [01m[K/home/bodlaire/Desktop/Sim/build/drive_bridge_msg/rosidl_typesupport_cpp/drive_bridge_msg/msg/input_values__type_support.cpp:7[m[K:
[01m[K/home/bodlaire/Desktop/Sim/build/drive_bridge_msg/rosidl_generator_cpp/drive_bridge_msg/msg/detail/input_values__struct.hpp:20:10:[m[K [01;31m[Kfatal error: [m[Kdrive_bridge_msg/msg/detail/float64__struct.hpp: No such file or directory
   20 | #include [01;31m[K"drive_bridge_msg/msg/detail/float64__struct.hpp"[m[K
      |          [01;31m[K^~~~~~~~~~~~~~~~~~~~~~~~~~~~~~~~~~~~~~~~~~~~~~~~~[m[K
compilation terminated.
compilation terminated.
make[2]: *** [CMakeFiles/drive_bridge_msg__rosidl_typesupport_cpp.dir/build.make:73: CMakeFiles/drive_bridge_msg__rosidl_typesupport_cpp.dir/rosidl_typesupport_cpp/drive_bridge_msg/msg/input_values__type_support.cpp.o] Error 1
make[2]: *** [CMakeFiles/drive_bridge_msg__rosidl_typesupport_fastrtps_cpp.dir/build.make:78: CMakeFiles/drive_bridge_msg__rosidl_typesupport_fastrtps_cpp.dir/rosidl_typesupport_fastrtps_cpp/drive_bridge_msg/msg/detail/dds_fastrtps/input_values__type_support.cpp.o] Error 1
make[1]: *** [CMakeFiles/Makefile2:278: CMakeFiles/drive_bridge_msg__rosidl_typesupport_cpp.dir/all] Error 2
make[1]: *** [CMakeFiles/Makefile2:415: CMakeFiles/drive_bridge_msg__rosidl_typesupport_fastrtps_cpp.dir/all] Error 2
In file included from [01m[K/home/bodlaire/Desktop/Sim/build/drive_bridge_msg/rosidl_typesupport_introspection_cpp/drive_bridge_msg/msg/detail/input_values__type_support.cpp:12[m[K:
[01m[K/home/bodlaire/Desktop/Sim/build/drive_bridge_msg/rosidl_generator_cpp/drive_bridge_msg/msg/detail/input_values__struct.hpp:20:10:[m[K [01;31m[Kfatal error: [m[Kdrive_bridge_msg/msg/detail/float64__struct.hpp: No such file or directory
   20 | #include [01;31m[K"drive_bridge_msg/msg/detail/float64__struct.hpp"[m[K
      |          [01;31m[K^~~~~~~~~~~~~~~~~~~~~~~~~~~~~~~~~~~~~~~~~~~~~~~~~[m[K
compilation terminated.
make[2]: *** [CMakeFiles/drive_bridge_msg__rosidl_typesupport_introspection_cpp.dir/build.make:78: CMakeFiles/drive_bridge_msg__rosidl_typesupport_introspection_cpp.dir/rosidl_typesupport_introspection_cpp/drive_bridge_msg/msg/detail/input_values__type_support.cpp.o] Error 1
make[1]: *** [CMakeFiles/Makefile2:361: CMakeFiles/drive_bridge_msg__rosidl_typesupport_introspection_cpp.dir/all] Error 2
make: *** [Makefile:141: all] Error 2
