[0.100s] Invoking command in '/home/bodlaire/Desktop/Sim/build/drive_bridge_msg': CMAKE_PREFIX_PATH=${CMAKE_PREFIX_PATH}:/opt/ros/foxy /usr/bin/cmake --build /home/bodlaire/Desktop/Sim/build/drive_bridge_msg -- -j16 -l16
[0.142s] -- Found ament_cmake: 0.9.12 (/opt/ros/foxy/share/ament_cmake/cmake)
[0.164s] -- Found PythonInterp: /usr/bin/python3 (found suitable version "3.8.10", minimum required is "3") 
[0.164s] -- Using PYTHON_EXECUTABLE: /usr/bin/python3
[0.295s] -- Found rosidl_default_generators: 1.0.1 (/opt/ros/foxy/share/rosidl_default_generators/cmake)
[0.297s] -- Using all available rosidl_typesupport_c: rosidl_typesupport_fastrtps_c;rosidl_typesupport_introspection_c
[0.300s] -- Found rosidl_adapter: 1.3.1 (/opt/ros/foxy/share/rosidl_adapter/cmake)
[0.391s] -- Using all available rosidl_typesupport_cpp: rosidl_typesupport_fastrtps_cpp;rosidl_typesupport_introspection_cpp
[0.427s] -- Found PythonInterp: /usr/bin/python3 (found version "3.8.10") 
[0.503s] -- Found ament_cmake_ros: 0.9.2 (/opt/ros/foxy/share/ament_cmake_ros/cmake)
[0.565s] -- Using all available rosidl_typesupport_c: rosidl_typesupport_fastrtps_c;rosidl_typesupport_introspection_c
[0.571s] -- Using all available rosidl_typesupport_cpp: rosidl_typesupport_fastrtps_cpp;rosidl_typesupport_introspection_cpp
[0.589s] -- Found PythonInterp: /usr/bin/python3 (found suitable version "3.8.10", minimum required is "3.5") 
[0.589s] -- Found python_cmake_module: 0.8.1 (/opt/ros/foxy/share/python_cmake_module/cmake)
[0.608s] -- Using PYTHON_EXECUTABLE: /usr/bin/python3
[0.608s] -- Using PYTHON_INCLUDE_DIRS: /usr/include/python3.8
[0.609s] -- Using PYTHON_LIBRARIES: /usr/lib/x86_64-linux-gnu/libpython3.8.so
[0.619s] -- Found ament_lint_auto: 0.9.8 (/opt/ros/foxy/share/ament_lint_auto/cmake)
[0.631s] -- Added test 'copyright' to check source files copyright and LICENSE
[0.632s] -- Added test 'lint_cmake' to check CMake code style
[0.632s] -- Added test 'xmllint' to check XML markup files
[0.635s] -- Configuring done
[0.660s] -- Generating done
[0.662s] -- Build files have been written to: /home/bodlaire/Desktop/Sim/build/drive_bridge_msg
[0.687s] [  3%] [34m[1mGenerating C code for ROS interfaces[0m
[0.695s] [  6%] [34m[1mGenerating C++ code for ROS interfaces[0m
[0.835s] [35m[1mScanning dependencies of target drive_bridge_msg__rosidl_generator_c[0m
[0.844s] [  9%] [32mBuilding C object CMakeFiles/drive_bridge_msg__rosidl_generator_c.dir/rosidl_generator_c/drive_bridge_msg/msg/detail/input_values__functions.c.o[0m
[0.845s] [  9%] Built target drive_bridge_msg__cpp
[0.853s] [ 12%] [34m[1mGenerating C++ type support dispatch for ROS interfaces[0m
[0.853s] [ 16%] [34m[1mGenerating C++ introspection for ROS interfaces[0m
[0.855s] [ 19%] [34m[1mGenerating C++ type support for eProsima Fast-RTPS[0m
[0.895s] In file included from [01m[K/home/bodlaire/Desktop/Sim/build/drive_bridge_msg/rosidl_generator_c/drive_bridge_msg/msg/detail/input_values__functions.h:19[m[K,
[0.895s]                  from [01m[K/home/bodlaire/Desktop/Sim/build/drive_bridge_msg/rosidl_generator_c/drive_bridge_msg/msg/detail/input_values__functions.c:4[m[K:
[0.895s] [01m[K/home/bodlaire/Desktop/Sim/build/drive_bridge_msg/rosidl_generator_c/drive_bridge_msg/msg/detail/input_values__struct.h:23:10:[m[K [01;31m[Kfatal error: [m[Kdrive_bridge_msg/msg/detail/float64__struct.h: No such file or directory
[0.895s]    23 | #include [01;31m[K"drive_bridge_msg/msg/detail/float64__struct.h"[m[K
[0.895s]       |          [01;31m[K^~~~~~~~~~~~~~~~~~~~~~~~~~~~~~~~~~~~~~~~~~~~~~~[m[K
[0.895s] compilation terminated.
[0.896s] make[2]: *** [CMakeFiles/drive_bridge_msg__rosidl_generator_c.dir/build.make:92: CMakeFiles/drive_bridge_msg__rosidl_generator_c.dir/rosidl_generator_c/drive_bridge_msg/msg/detail/input_values__functions.c.o] Error 1
[0.897s] make[1]: *** [CMakeFiles/Makefile2:305: CMakeFiles/drive_bridge_msg__rosidl_generator_c.dir/all] Error 2
[0.897s] make[1]: *** Waiting for unfinished jobs....
[0.979s] [35m[1mScanning dependencies of target drive_bridge_msg__rosidl_typesupport_cpp[0m
[0.991s] [ 22%] [32mBuilding CXX object CMakeFiles/drive_bridge_msg__rosidl_typesupport_cpp.dir/rosidl_typesupport_cpp/drive_bridge_msg/msg/input_values__type_support.cpp.o[0m
[0.994s] [35m[1mScanning dependencies of target drive_bridge_msg__rosidl_typesupport_fastrtps_cpp[0m
[1.006s] [ 25%] [32mBuilding CXX object CMakeFiles/drive_bridge_msg__rosidl_typesupport_fastrtps_cpp.dir/rosidl_typesupport_fastrtps_cpp/drive_bridge_msg/msg/detail/dds_fastrtps/input_values__type_support.cpp.o[0m
[1.021s] [35m[1mScanning dependencies of target drive_bridge_msg__rosidl_typesupport_introspection_cpp[0m
[1.035s] [ 29%] [32mBuilding CXX object CMakeFiles/drive_bridge_msg__rosidl_typesupport_introspection_cpp.dir/rosidl_typesupport_introspection_cpp/drive_bridge_msg/msg/detail/input_values__type_support.cpp.o[0m
[1.067s] In file included from [01m[K/home/bodlaire/Desktop/Sim/build/drive_bridge_msg/rosidl_typesupport_fastrtps_cpp/drive_bridge_msg/msg/detail/input_values__rosidl_typesupport_fastrtps_cpp.hpp:11[m[K,
[1.067s]                  from [01m[K/home/bodlaire/Desktop/Sim/build/drive_bridge_msg/rosidl_typesupport_fastrtps_cpp/drive_bridge_msg/msg/detail/dds_fastrtps/input_values__type_support.cpp:4[m[K:
[1.067s] [01m[K/home/bodlaire/Desktop/Sim/build/drive_bridge_msg/rosidl_generator_cpp/drive_bridge_msg/msg/detail/input_values__struct.hpp:20:10:[m[K [01;31m[Kfatal error: [m[Kdrive_bridge_msg/msg/detail/float64__struct.hpp: No such file or directory
[1.068s]    20 | #include [01;31m[K"drive_bridge_msg/msg/detail/float64__struct.hpp"[m[K
[1.068s]       |          [01;31m[K^~~~~~~~~~~~~~~~~~~~~~~~~~~~~~~~~~~~~~~~~~~~~~~~~[m[K
[1.068s] In file included from [01m[K/home/bodlaire/Desktop/Sim/build/drive_bridge_msg/rosidl_typesupport_cpp/drive_bridge_msg/msg/input_values__type_support.cpp:7[m[K:
[1.068s] [01m[K/home/bodlaire/Desktop/Sim/build/drive_bridge_msg/rosidl_generator_cpp/drive_bridge_msg/msg/detail/input_values__struct.hpp:20:10:[m[K [01;31m[Kfatal error: [m[Kdrive_bridge_msg/msg/detail/float64__struct.hpp: No such file or directory
[1.068s]    20 | #include [01;31m[K"drive_bridge_msg/msg/detail/float64__struct.hpp"[m[K
[1.068s]       |          [01;31m[K^~~~~~~~~~~~~~~~~~~~~~~~~~~~~~~~~~~~~~~~~~~~~~~~~[m[K
[1.068s] compilation terminated.
[1.068s] compilation terminated.
[1.069s] make[2]: *** [CMakeFiles/drive_bridge_msg__rosidl_typesupport_cpp.dir/build.make:73: CMakeFiles/drive_bridge_msg__rosidl_typesupport_cpp.dir/rosidl_typesupport_cpp/drive_bridge_msg/msg/input_values__type_support.cpp.o] Error 1
[1.069s] make[2]: *** [CMakeFiles/drive_bridge_msg__rosidl_typesupport_fastrtps_cpp.dir/build.make:78: CMakeFiles/drive_bridge_msg__rosidl_typesupport_fastrtps_cpp.dir/rosidl_typesupport_fastrtps_cpp/drive_bridge_msg/msg/detail/dds_fastrtps/input_values__type_support.cpp.o] Error 1
[1.069s] make[1]: *** [CMakeFiles/Makefile2:278: CMakeFiles/drive_bridge_msg__rosidl_typesupport_cpp.dir/all] Error 2
[1.069s] make[1]: *** [CMakeFiles/Makefile2:415: CMakeFiles/drive_bridge_msg__rosidl_typesupport_fastrtps_cpp.dir/all] Error 2
[1.070s] In file included from [01m[K/home/bodlaire/Desktop/Sim/build/drive_bridge_msg/rosidl_typesupport_introspection_cpp/drive_bridge_msg/msg/detail/input_values__type_support.cpp:12[m[K:
[1.070s] [01m[K/home/bodlaire/Desktop/Sim/build/drive_bridge_msg/rosidl_generator_cpp/drive_bridge_msg/msg/detail/input_values__struct.hpp:20:10:[m[K [01;31m[Kfatal error: [m[Kdrive_bridge_msg/msg/detail/float64__struct.hpp: No such file or directory
[1.070s]    20 | #include [01;31m[K"drive_bridge_msg/msg/detail/float64__struct.hpp"[m[K
[1.070s]       |          [01;31m[K^~~~~~~~~~~~~~~~~~~~~~~~~~~~~~~~~~~~~~~~~~~~~~~~~[m[K
[1.071s] compilation terminated.
[1.071s] make[2]: *** [CMakeFiles/drive_bridge_msg__rosidl_typesupport_introspection_cpp.dir/build.make:78: CMakeFiles/drive_bridge_msg__rosidl_typesupport_introspection_cpp.dir/rosidl_typesupport_introspection_cpp/drive_bridge_msg/msg/detail/input_values__type_support.cpp.o] Error 1
[1.071s] make[1]: *** [CMakeFiles/Makefile2:361: CMakeFiles/drive_bridge_msg__rosidl_typesupport_introspection_cpp.dir/all] Error 2
[1.072s] make: *** [Makefile:141: all] Error 2
[1.075s] Invoked command in '/home/bodlaire/Desktop/Sim/build/drive_bridge_msg' returned '2': CMAKE_PREFIX_PATH=${CMAKE_PREFIX_PATH}:/opt/ros/foxy /usr/bin/cmake --build /home/bodlaire/Desktop/Sim/build/drive_bridge_msg -- -j16 -l16
