[0.071s] Invoking command in '/home/bodlaire/Desktop/Sim/build/drive_bridge_msg': CMAKE_PREFIX_PATH=/opt/ros/foxy /usr/bin/cmake /home/bodlaire/Desktop/Sim/src/drive_bridge_msg -DCMAKE_INSTALL_PREFIX=/home/bodlaire/Desktop/Sim/install/drive_bridge_msg
[0.184s] -- The C compiler identification is GNU 9.4.0
[0.268s] -- The CXX compiler identification is GNU 9.4.0
[0.275s] -- Check for working C compiler: /usr/bin/cc
[0.346s] -- Check for working C compiler: /usr/bin/cc -- works
[0.348s] -- Detecting C compiler ABI info
[0.419s] -- Detecting C compiler ABI info - done
[0.433s] -- Detecting C compile features
[0.433s] -- Detecting C compile features - done
[0.435s] -- Check for working CXX compiler: /usr/bin/c++
[0.514s] -- Check for working CXX compiler: /usr/bin/c++ -- works
[0.516s] -- Detecting CXX compiler ABI info
[0.592s] -- Detecting CXX compiler ABI info - done
[0.606s] -- Detecting CXX compile features
[0.606s] -- Detecting CXX compile features - done
[0.611s] -- Found ament_cmake: 0.9.12 (/opt/ros/foxy/share/ament_cmake/cmake)
[0.633s] -- Found PythonInterp: /usr/bin/python3 (found suitable version "3.8.10", minimum required is "3") 
[0.633s] -- Using PYTHON_EXECUTABLE: /usr/bin/python3
[0.773s] -- Found rosidl_default_generators: 1.0.1 (/opt/ros/foxy/share/rosidl_default_generators/cmake)
[0.776s] -- Using all available rosidl_typesupport_c: rosidl_typesupport_fastrtps_c;rosidl_typesupport_introspection_c
[0.781s] -- Found rosidl_adapter: 1.3.1 (/opt/ros/foxy/share/rosidl_adapter/cmake)
[0.846s] -- Found OpenSSL: /usr/lib/x86_64-linux-gnu/libcrypto.so (found version "1.1.1f")  
[0.863s] -- Found FastRTPS: /opt/ros/foxy/include  
[0.923s] -- Using all available rosidl_typesupport_cpp: rosidl_typesupport_fastrtps_cpp;rosidl_typesupport_introspection_cpp
[0.965s] -- Found PythonInterp: /usr/bin/python3 (found version "3.8.10") 
[1.047s] -- Found ament_cmake_ros: 0.9.2 (/opt/ros/foxy/share/ament_cmake_ros/cmake)
[1.112s] -- Using all available rosidl_typesupport_c: rosidl_typesupport_fastrtps_c;rosidl_typesupport_introspection_c
[1.118s] -- Using all available rosidl_typesupport_cpp: rosidl_typesupport_fastrtps_cpp;rosidl_typesupport_introspection_cpp
[1.141s] -- Found PythonInterp: /usr/bin/python3 (found suitable version "3.8.10", minimum required is "3.5") 
[1.143s] -- Found python_cmake_module: 0.8.1 (/opt/ros/foxy/share/python_cmake_module/cmake)
[1.168s] -- Found PythonLibs: /usr/lib/x86_64-linux-gnu/libpython3.8.so (found suitable version "3.8.10", minimum required is "3.5") 
[1.168s] -- Using PYTHON_EXECUTABLE: /usr/bin/python3
[1.168s] -- Using PYTHON_INCLUDE_DIRS: /usr/include/python3.8
[1.168s] -- Using PYTHON_LIBRARIES: /usr/lib/x86_64-linux-gnu/libpython3.8.so
[1.188s] -- Found PythonExtra: .so  
[1.218s] -- Found ament_lint_auto: 0.9.8 (/opt/ros/foxy/share/ament_lint_auto/cmake)
[1.234s] -- Added test 'copyright' to check source files copyright and LICENSE
[1.235s] -- Added test 'lint_cmake' to check CMake code style
[1.236s] -- Added test 'xmllint' to check XML markup files
[1.239s] -- Configuring done
[1.256s] -- Generating done
[1.258s] -- Build files have been written to: /home/bodlaire/Desktop/Sim/build/drive_bridge_msg
[1.263s] Invoked command in '/home/bodlaire/Desktop/Sim/build/drive_bridge_msg' returned '0': CMAKE_PREFIX_PATH=/opt/ros/foxy /usr/bin/cmake /home/bodlaire/Desktop/Sim/src/drive_bridge_msg -DCMAKE_INSTALL_PREFIX=/home/bodlaire/Desktop/Sim/install/drive_bridge_msg
[1.267s] Invoking command in '/home/bodlaire/Desktop/Sim/build/drive_bridge_msg': CMAKE_PREFIX_PATH=/opt/ros/foxy /usr/bin/cmake --build /home/bodlaire/Desktop/Sim/build/drive_bridge_msg -- -j16 -l16
[1.306s] [  3%] [34m[1mGenerating C code for ROS interfaces[0m
[1.307s] [35m[1mScanning dependencies of target drive_bridge_msg__cpp[0m
[1.317s] [  6%] [34m[1mGenerating C++ code for ROS interfaces[0m
[1.457s] [35m[1mScanning dependencies of target drive_bridge_msg__rosidl_generator_c[0m
[1.464s] [  6%] Built target drive_bridge_msg__cpp
[1.467s] [  9%] [32mBuilding C object CMakeFiles/drive_bridge_msg__rosidl_generator_c.dir/rosidl_generator_c/drive_bridge_msg/msg/detail/input_values__functions.c.o[0m
[1.476s] [ 16%] [34m[1mGenerating C++ type support dispatch for ROS interfaces[0m
[1.476s] [ 16%] [34m[1mGenerating C++ type support for eProsima Fast-RTPS[0m
[1.476s] [ 19%] [34m[1mGenerating C++ introspection for ROS interfaces[0m
[1.518s] [ 22%] [32m[1mLinking C shared library libdrive_bridge_msg__rosidl_generator_c.so[0m
[1.559s] [ 22%] Built target drive_bridge_msg__rosidl_generator_c
[1.567s] [ 25%] [34m[1mGenerating C type support dispatch for ROS interfaces[0m
[1.571s] [ 29%] [34m[1mGenerating C introspection for ROS interfaces[0m
[1.617s] [35m[1mScanning dependencies of target drive_bridge_msg__rosidl_typesupport_cpp[0m
[1.622s] [35m[1mScanning dependencies of target drive_bridge_msg__rosidl_typesupport_introspection_cpp[0m
[1.624s] [35m[1mScanning dependencies of target drive_bridge_msg__rosidl_typesupport_fastrtps_cpp[0m
[1.626s] [ 32%] [32mBuilding CXX object CMakeFiles/drive_bridge_msg__rosidl_typesupport_cpp.dir/rosidl_typesupport_cpp/drive_bridge_msg/msg/input_values__type_support.cpp.o[0m
[1.631s] [ 35%] [32mBuilding CXX object CMakeFiles/drive_bridge_msg__rosidl_typesupport_introspection_cpp.dir/rosidl_typesupport_introspection_cpp/drive_bridge_msg/msg/detail/input_values__type_support.cpp.o[0m
[1.636s] [ 38%] [32mBuilding CXX object CMakeFiles/drive_bridge_msg__rosidl_typesupport_fastrtps_cpp.dir/rosidl_typesupport_fastrtps_cpp/drive_bridge_msg/msg/detail/dds_fastrtps/input_values__type_support.cpp.o[0m
[1.719s] [35m[1mScanning dependencies of target drive_bridge_msg__rosidl_typesupport_c[0m
[1.726s] [35m[1mScanning dependencies of target drive_bridge_msg__rosidl_typesupport_introspection_c[0m
[1.727s] [ 41%] [32mBuilding CXX object CMakeFiles/drive_bridge_msg__rosidl_typesupport_c.dir/rosidl_typesupport_c/drive_bridge_msg/msg/input_values__type_support.cpp.o[0m
[1.735s] [ 45%] [32mBuilding C object CMakeFiles/drive_bridge_msg__rosidl_typesupport_introspection_c.dir/rosidl_typesupport_introspection_c/drive_bridge_msg/msg/detail/input_values__type_support.c.o[0m
[1.753s] [ 48%] [32m[1mLinking CXX shared library libdrive_bridge_msg__rosidl_typesupport_c.so[0m
[1.760s] [ 51%] [32m[1mLinking C shared library libdrive_bridge_msg__rosidl_typesupport_introspection_c.so[0m
[1.781s] [ 51%] Built target drive_bridge_msg__rosidl_typesupport_introspection_c
[1.781s] [ 51%] Built target drive_bridge_msg__rosidl_typesupport_c
[1.849s] [ 54%] [32m[1mLinking CXX shared library libdrive_bridge_msg__rosidl_typesupport_cpp.so[0m
[1.852s] [ 58%] [32m[1mLinking CXX shared library libdrive_bridge_msg__rosidl_typesupport_introspection_cpp.so[0m
[1.880s] [ 58%] Built target drive_bridge_msg__rosidl_typesupport_cpp
[1.888s] [ 58%] Built target drive_bridge_msg__rosidl_typesupport_introspection_cpp
[1.944s] [ 61%] [32m[1mLinking CXX shared library libdrive_bridge_msg__rosidl_typesupport_fastrtps_cpp.so[0m
[2.017s] [ 61%] Built target drive_bridge_msg__rosidl_typesupport_fastrtps_cpp
[2.027s] [ 64%] [34m[1mGenerating C type support for eProsima Fast-RTPS[0m
[2.170s] [35m[1mScanning dependencies of target drive_bridge_msg__rosidl_typesupport_fastrtps_c[0m
[2.183s] [ 67%] [32mBuilding CXX object CMakeFiles/drive_bridge_msg__rosidl_typesupport_fastrtps_c.dir/rosidl_typesupport_fastrtps_c/drive_bridge_msg/msg/detail/input_values__type_support_c.cpp.o[0m
[2.410s] [ 70%] [32m[1mLinking CXX shared library libdrive_bridge_msg__rosidl_typesupport_fastrtps_c.so[0m
[2.474s] [ 70%] Built target drive_bridge_msg__rosidl_typesupport_fastrtps_c
[2.483s] [35m[1mScanning dependencies of target drive_bridge_msg[0m
[2.493s] [ 70%] Built target drive_bridge_msg
[2.499s] [35m[1mScanning dependencies of target drive_bridge_msg__py[0m
[2.510s] [ 74%] [34m[1mGenerating Python code for ROS interfaces[0m
[2.746s] [ 74%] Built target drive_bridge_msg__py
[2.753s] [35m[1mScanning dependencies of target drive_bridge_msg__python[0m
[2.781s] [ 77%] [32mBuilding C object CMakeFiles/drive_bridge_msg__python.dir/rosidl_generator_py/drive_bridge_msg/msg/_input_values_s.c.o[0m
[2.849s] [ 80%] [32m[1mLinking C shared library rosidl_generator_py/drive_bridge_msg/libdrive_bridge_msg__python.so[0m
[2.887s] [ 80%] Built target drive_bridge_msg__python
[2.896s] [35m[1mScanning dependencies of target drive_bridge_msg__rosidl_typesupport_fastrtps_c__pyext[0m
[2.896s] [35m[1mScanning dependencies of target drive_bridge_msg__rosidl_typesupport_c__pyext[0m
[2.898s] [35m[1mScanning dependencies of target drive_bridge_msg__rosidl_typesupport_introspection_c__pyext[0m
[2.909s] [ 83%] [32mBuilding C object CMakeFiles/drive_bridge_msg__rosidl_typesupport_c__pyext.dir/rosidl_generator_py/drive_bridge_msg/_drive_bridge_msg_s.ep.rosidl_typesupport_c.c.o[0m
[2.909s] [ 87%] [32mBuilding C object CMakeFiles/drive_bridge_msg__rosidl_typesupport_introspection_c__pyext.dir/rosidl_generator_py/drive_bridge_msg/_drive_bridge_msg_s.ep.rosidl_typesupport_introspection_c.c.o[0m
[2.912s] [ 90%] [32mBuilding C object CMakeFiles/drive_bridge_msg__rosidl_typesupport_fastrtps_c__pyext.dir/rosidl_generator_py/drive_bridge_msg/_drive_bridge_msg_s.ep.rosidl_typesupport_fastrtps_c.c.o[0m
[2.960s] [ 93%] [32m[1mLinking C shared library rosidl_generator_py/drive_bridge_msg/drive_bridge_msg_s__rosidl_typesupport_c.cpython-38-x86_64-linux-gnu.so[0m
[2.967s] [ 96%] [32m[1mLinking C shared library rosidl_generator_py/drive_bridge_msg/drive_bridge_msg_s__rosidl_typesupport_introspection_c.cpython-38-x86_64-linux-gnu.so[0m
[2.967s] [100%] [32m[1mLinking CXX shared library rosidl_generator_py/drive_bridge_msg/drive_bridge_msg_s__rosidl_typesupport_fastrtps_c.cpython-38-x86_64-linux-gnu.so[0m
[2.988s] [100%] Built target drive_bridge_msg__rosidl_typesupport_c__pyext
[2.994s] [100%] Built target drive_bridge_msg__rosidl_typesupport_introspection_c__pyext
[3.018s] [100%] Built target drive_bridge_msg__rosidl_typesupport_fastrtps_c__pyext
[3.028s] Invoked command in '/home/bodlaire/Desktop/Sim/build/drive_bridge_msg' returned '0': CMAKE_PREFIX_PATH=/opt/ros/foxy /usr/bin/cmake --build /home/bodlaire/Desktop/Sim/build/drive_bridge_msg -- -j16 -l16
[3.074s] Invoking command in '/home/bodlaire/Desktop/Sim/build/drive_bridge_msg': CMAKE_PREFIX_PATH=/opt/ros/foxy /usr/bin/cmake --install /home/bodlaire/Desktop/Sim/build/drive_bridge_msg
[3.080s] -- Install configuration: ""
[3.080s] -- Installing: /home/bodlaire/Desktop/Sim/install/drive_bridge_msg/share/ament_index/resource_index/rosidl_interfaces/drive_bridge_msg
[3.080s] -- Installing: /home/bodlaire/Desktop/Sim/install/drive_bridge_msg/include/drive_bridge_msg
[3.080s] -- Installing: /home/bodlaire/Desktop/Sim/install/drive_bridge_msg/include/drive_bridge_msg/msg
[3.080s] -- Installing: /home/bodlaire/Desktop/Sim/install/drive_bridge_msg/include/drive_bridge_msg/msg/detail
[3.081s] -- Installing: /home/bodlaire/Desktop/Sim/install/drive_bridge_msg/include/drive_bridge_msg/msg/detail/input_values__struct.h
[3.081s] -- Installing: /home/bodlaire/Desktop/Sim/install/drive_bridge_msg/include/drive_bridge_msg/msg/detail/input_values__type_support.h
[3.081s] -- Installing: /home/bodlaire/Desktop/Sim/install/drive_bridge_msg/include/drive_bridge_msg/msg/detail/input_values__functions.c
[3.081s] -- Installing: /home/bodlaire/Desktop/Sim/install/drive_bridge_msg/include/drive_bridge_msg/msg/detail/input_values__functions.h
[3.081s] -- Installing: /home/bodlaire/Desktop/Sim/install/drive_bridge_msg/include/drive_bridge_msg/msg/rosidl_generator_c__visibility_control.h
[3.081s] -- Installing: /home/bodlaire/Desktop/Sim/install/drive_bridge_msg/include/drive_bridge_msg/msg/input_values.h
[3.081s] -- Installing: /home/bodlaire/Desktop/Sim/install/drive_bridge_msg/share/drive_bridge_msg/environment/library_path.sh
[3.081s] -- Installing: /home/bodlaire/Desktop/Sim/install/drive_bridge_msg/share/drive_bridge_msg/environment/library_path.dsv
[3.081s] -- Installing: /home/bodlaire/Desktop/Sim/install/drive_bridge_msg/lib/libdrive_bridge_msg__rosidl_generator_c.so
[3.082s] -- Set runtime path of "/home/bodlaire/Desktop/Sim/install/drive_bridge_msg/lib/libdrive_bridge_msg__rosidl_generator_c.so" to ""
[3.082s] -- Up-to-date: /home/bodlaire/Desktop/Sim/install/drive_bridge_msg/include/drive_bridge_msg
[3.082s] -- Up-to-date: /home/bodlaire/Desktop/Sim/install/drive_bridge_msg/include/drive_bridge_msg/msg
[3.082s] -- Up-to-date: /home/bodlaire/Desktop/Sim/install/drive_bridge_msg/include/drive_bridge_msg/msg/detail
[3.082s] -- Installing: /home/bodlaire/Desktop/Sim/install/drive_bridge_msg/include/drive_bridge_msg/msg/detail/input_values__rosidl_typesupport_fastrtps_c.h
[3.082s] -- Installing: /home/bodlaire/Desktop/Sim/install/drive_bridge_msg/include/drive_bridge_msg/msg/rosidl_typesupport_fastrtps_c__visibility_control.h
[3.082s] -- Installing: /home/bodlaire/Desktop/Sim/install/drive_bridge_msg/lib/libdrive_bridge_msg__rosidl_typesupport_fastrtps_c.so
[3.082s] -- Set runtime path of "/home/bodlaire/Desktop/Sim/install/drive_bridge_msg/lib/libdrive_bridge_msg__rosidl_typesupport_fastrtps_c.so" to ""
[3.082s] -- Up-to-date: /home/bodlaire/Desktop/Sim/install/drive_bridge_msg/include/drive_bridge_msg
[3.083s] -- Up-to-date: /home/bodlaire/Desktop/Sim/install/drive_bridge_msg/include/drive_bridge_msg/msg
[3.083s] -- Up-to-date: /home/bodlaire/Desktop/Sim/install/drive_bridge_msg/include/drive_bridge_msg/msg/detail
[3.083s] -- Installing: /home/bodlaire/Desktop/Sim/install/drive_bridge_msg/include/drive_bridge_msg/msg/detail/input_values__rosidl_typesupport_fastrtps_cpp.hpp
[3.083s] -- Installing: /home/bodlaire/Desktop/Sim/install/drive_bridge_msg/include/drive_bridge_msg/msg/detail/dds_fastrtps
[3.083s] -- Installing: /home/bodlaire/Desktop/Sim/install/drive_bridge_msg/include/drive_bridge_msg/msg/rosidl_typesupport_fastrtps_cpp__visibility_control.h
[3.083s] -- Installing: /home/bodlaire/Desktop/Sim/install/drive_bridge_msg/lib/libdrive_bridge_msg__rosidl_typesupport_fastrtps_cpp.so
[3.083s] -- Set runtime path of "/home/bodlaire/Desktop/Sim/install/drive_bridge_msg/lib/libdrive_bridge_msg__rosidl_typesupport_fastrtps_cpp.so" to ""
[3.083s] -- Up-to-date: /home/bodlaire/Desktop/Sim/install/drive_bridge_msg/include/drive_bridge_msg
[3.083s] -- Up-to-date: /home/bodlaire/Desktop/Sim/install/drive_bridge_msg/include/drive_bridge_msg/msg
[3.083s] -- Up-to-date: /home/bodlaire/Desktop/Sim/install/drive_bridge_msg/include/drive_bridge_msg/msg/detail
[3.084s] -- Installing: /home/bodlaire/Desktop/Sim/install/drive_bridge_msg/include/drive_bridge_msg/msg/detail/input_values__rosidl_typesupport_introspection_c.h
[3.084s] -- Installing: /home/bodlaire/Desktop/Sim/install/drive_bridge_msg/include/drive_bridge_msg/msg/detail/input_values__type_support.c
[3.084s] -- Installing: /home/bodlaire/Desktop/Sim/install/drive_bridge_msg/include/drive_bridge_msg/msg/rosidl_typesupport_introspection_c__visibility_control.h
[3.084s] -- Installing: /home/bodlaire/Desktop/Sim/install/drive_bridge_msg/lib/libdrive_bridge_msg__rosidl_typesupport_introspection_c.so
[3.084s] -- Set runtime path of "/home/bodlaire/Desktop/Sim/install/drive_bridge_msg/lib/libdrive_bridge_msg__rosidl_typesupport_introspection_c.so" to ""
[3.084s] -- Installing: /home/bodlaire/Desktop/Sim/install/drive_bridge_msg/lib/libdrive_bridge_msg__rosidl_typesupport_c.so
[3.084s] -- Set runtime path of "/home/bodlaire/Desktop/Sim/install/drive_bridge_msg/lib/libdrive_bridge_msg__rosidl_typesupport_c.so" to ""
[3.084s] -- Up-to-date: /home/bodlaire/Desktop/Sim/install/drive_bridge_msg/include/drive_bridge_msg
[3.084s] -- Up-to-date: /home/bodlaire/Desktop/Sim/install/drive_bridge_msg/include/drive_bridge_msg/msg
[3.084s] -- Installing: /home/bodlaire/Desktop/Sim/install/drive_bridge_msg/include/drive_bridge_msg/msg/rosidl_generator_cpp__visibility_control.hpp
[3.084s] -- Up-to-date: /home/bodlaire/Desktop/Sim/install/drive_bridge_msg/include/drive_bridge_msg/msg/detail
[3.085s] -- Installing: /home/bodlaire/Desktop/Sim/install/drive_bridge_msg/include/drive_bridge_msg/msg/detail/input_values__builder.hpp
[3.085s] -- Installing: /home/bodlaire/Desktop/Sim/install/drive_bridge_msg/include/drive_bridge_msg/msg/detail/input_values__traits.hpp
[3.085s] -- Installing: /home/bodlaire/Desktop/Sim/install/drive_bridge_msg/include/drive_bridge_msg/msg/detail/input_values__struct.hpp
[3.085s] -- Installing: /home/bodlaire/Desktop/Sim/install/drive_bridge_msg/include/drive_bridge_msg/msg/detail/input_values__type_support.hpp
[3.085s] -- Installing: /home/bodlaire/Desktop/Sim/install/drive_bridge_msg/include/drive_bridge_msg/msg/input_values.hpp
[3.085s] -- Up-to-date: /home/bodlaire/Desktop/Sim/install/drive_bridge_msg/include/drive_bridge_msg
[3.085s] -- Up-to-date: /home/bodlaire/Desktop/Sim/install/drive_bridge_msg/include/drive_bridge_msg/msg
[3.085s] -- Up-to-date: /home/bodlaire/Desktop/Sim/install/drive_bridge_msg/include/drive_bridge_msg/msg/detail
[3.085s] -- Installing: /home/bodlaire/Desktop/Sim/install/drive_bridge_msg/include/drive_bridge_msg/msg/detail/input_values__rosidl_typesupport_introspection_cpp.hpp
[3.085s] -- Installing: /home/bodlaire/Desktop/Sim/install/drive_bridge_msg/include/drive_bridge_msg/msg/detail/input_values__type_support.cpp
[3.085s] -- Installing: /home/bodlaire/Desktop/Sim/install/drive_bridge_msg/lib/libdrive_bridge_msg__rosidl_typesupport_introspection_cpp.so
[3.086s] -- Set runtime path of "/home/bodlaire/Desktop/Sim/install/drive_bridge_msg/lib/libdrive_bridge_msg__rosidl_typesupport_introspection_cpp.so" to ""
[3.086s] -- Installing: /home/bodlaire/Desktop/Sim/install/drive_bridge_msg/lib/libdrive_bridge_msg__rosidl_typesupport_cpp.so
[3.086s] -- Set runtime path of "/home/bodlaire/Desktop/Sim/install/drive_bridge_msg/lib/libdrive_bridge_msg__rosidl_typesupport_cpp.so" to ""
[3.086s] -- Installing: /home/bodlaire/Desktop/Sim/install/drive_bridge_msg/share/drive_bridge_msg/environment/pythonpath.sh
[3.086s] -- Installing: /home/bodlaire/Desktop/Sim/install/drive_bridge_msg/share/drive_bridge_msg/environment/pythonpath.dsv
[3.086s] -- Installing: /home/bodlaire/Desktop/Sim/install/drive_bridge_msg/lib/python3.8/site-packages/drive_bridge_msg/__init__.py
[3.105s] Compiling '/home/bodlaire/Desktop/Sim/install/drive_bridge_msg/lib/python3.8/site-packages/drive_bridge_msg/__init__.py'...
[3.108s] -- Installing: /home/bodlaire/Desktop/Sim/install/drive_bridge_msg/lib/python3.8/site-packages/drive_bridge_msg/msg
[3.108s] -- Installing: /home/bodlaire/Desktop/Sim/install/drive_bridge_msg/lib/python3.8/site-packages/drive_bridge_msg/msg/_input_values_s.c
[3.108s] -- Installing: /home/bodlaire/Desktop/Sim/install/drive_bridge_msg/lib/python3.8/site-packages/drive_bridge_msg/msg/_input_values.py
[3.108s] -- Installing: /home/bodlaire/Desktop/Sim/install/drive_bridge_msg/lib/python3.8/site-packages/drive_bridge_msg/msg/__init__.py
[3.109s] -- Installing: /home/bodlaire/Desktop/Sim/install/drive_bridge_msg/lib/python3.8/site-packages/drive_bridge_msg/drive_bridge_msg_s__rosidl_typesupport_fastrtps_c.cpython-38-x86_64-linux-gnu.so
[3.109s] -- Set runtime path of "/home/bodlaire/Desktop/Sim/install/drive_bridge_msg/lib/python3.8/site-packages/drive_bridge_msg/drive_bridge_msg_s__rosidl_typesupport_fastrtps_c.cpython-38-x86_64-linux-gnu.so" to ""
[3.110s] -- Installing: /home/bodlaire/Desktop/Sim/install/drive_bridge_msg/lib/python3.8/site-packages/drive_bridge_msg/drive_bridge_msg_s__rosidl_typesupport_introspection_c.cpython-38-x86_64-linux-gnu.so
[3.110s] -- Set runtime path of "/home/bodlaire/Desktop/Sim/install/drive_bridge_msg/lib/python3.8/site-packages/drive_bridge_msg/drive_bridge_msg_s__rosidl_typesupport_introspection_c.cpython-38-x86_64-linux-gnu.so" to ""
[3.111s] -- Installing: /home/bodlaire/Desktop/Sim/install/drive_bridge_msg/lib/python3.8/site-packages/drive_bridge_msg/drive_bridge_msg_s__rosidl_typesupport_c.cpython-38-x86_64-linux-gnu.so
[3.112s] -- Set runtime path of "/home/bodlaire/Desktop/Sim/install/drive_bridge_msg/lib/python3.8/site-packages/drive_bridge_msg/drive_bridge_msg_s__rosidl_typesupport_c.cpython-38-x86_64-linux-gnu.so" to ""
[3.112s] -- Installing: /home/bodlaire/Desktop/Sim/install/drive_bridge_msg/lib/libdrive_bridge_msg__python.so
[3.112s] -- Set runtime path of "/home/bodlaire/Desktop/Sim/install/drive_bridge_msg/lib/libdrive_bridge_msg__python.so" to ""
[3.113s] -- Installing: /home/bodlaire/Desktop/Sim/install/drive_bridge_msg/share/drive_bridge_msg/msg/InputValues.idl
[3.113s] -- Installing: /home/bodlaire/Desktop/Sim/install/drive_bridge_msg/share/drive_bridge_msg/msg/InputValues.msg
[3.113s] -- Installing: /home/bodlaire/Desktop/Sim/install/drive_bridge_msg/share/ament_index/resource_index/package_run_dependencies/drive_bridge_msg
[3.113s] -- Installing: /home/bodlaire/Desktop/Sim/install/drive_bridge_msg/share/ament_index/resource_index/parent_prefix_path/drive_bridge_msg
[3.114s] -- Installing: /home/bodlaire/Desktop/Sim/install/drive_bridge_msg/share/drive_bridge_msg/environment/ament_prefix_path.sh
[3.114s] -- Installing: /home/bodlaire/Desktop/Sim/install/drive_bridge_msg/share/drive_bridge_msg/environment/ament_prefix_path.dsv
[3.114s] -- Installing: /home/bodlaire/Desktop/Sim/install/drive_bridge_msg/share/drive_bridge_msg/environment/path.sh
[3.114s] -- Installing: /home/bodlaire/Desktop/Sim/install/drive_bridge_msg/share/drive_bridge_msg/environment/path.dsv
[3.114s] -- Installing: /home/bodlaire/Desktop/Sim/install/drive_bridge_msg/share/drive_bridge_msg/local_setup.bash
[3.114s] -- Installing: /home/bodlaire/Desktop/Sim/install/drive_bridge_msg/share/drive_bridge_msg/local_setup.sh
[3.115s] -- Installing: /home/bodlaire/Desktop/Sim/install/drive_bridge_msg/share/drive_bridge_msg/local_setup.zsh
[3.115s] -- Installing: /home/bodlaire/Desktop/Sim/install/drive_bridge_msg/share/drive_bridge_msg/local_setup.dsv
[3.115s] -- Installing: /home/bodlaire/Desktop/Sim/install/drive_bridge_msg/share/drive_bridge_msg/package.dsv
[3.115s] -- Installing: /home/bodlaire/Desktop/Sim/install/drive_bridge_msg/share/ament_index/resource_index/packages/drive_bridge_msg
[3.115s] -- Installing: /home/bodlaire/Desktop/Sim/install/drive_bridge_msg/share/drive_bridge_msg/cmake/drive_bridge_msg__rosidl_generator_cExport.cmake
[3.116s] -- Installing: /home/bodlaire/Desktop/Sim/install/drive_bridge_msg/share/drive_bridge_msg/cmake/drive_bridge_msg__rosidl_generator_cExport-noconfig.cmake
[3.116s] -- Installing: /home/bodlaire/Desktop/Sim/install/drive_bridge_msg/share/drive_bridge_msg/cmake/drive_bridge_msg__rosidl_typesupport_introspection_cExport.cmake
[3.116s] -- Installing: /home/bodlaire/Desktop/Sim/install/drive_bridge_msg/share/drive_bridge_msg/cmake/drive_bridge_msg__rosidl_typesupport_introspection_cExport-noconfig.cmake
[3.116s] -- Installing: /home/bodlaire/Desktop/Sim/install/drive_bridge_msg/share/drive_bridge_msg/cmake/drive_bridge_msg__rosidl_typesupport_cExport.cmake
[3.116s] -- Installing: /home/bodlaire/Desktop/Sim/install/drive_bridge_msg/share/drive_bridge_msg/cmake/drive_bridge_msg__rosidl_typesupport_cExport-noconfig.cmake
[3.117s] -- Installing: /home/bodlaire/Desktop/Sim/install/drive_bridge_msg/share/drive_bridge_msg/cmake/drive_bridge_msg__rosidl_generator_cppExport.cmake
[3.117s] -- Installing: /home/bodlaire/Desktop/Sim/install/drive_bridge_msg/share/drive_bridge_msg/cmake/drive_bridge_msg__rosidl_typesupport_introspection_cppExport.cmake
[3.117s] -- Installing: /home/bodlaire/Desktop/Sim/install/drive_bridge_msg/share/drive_bridge_msg/cmake/drive_bridge_msg__rosidl_typesupport_introspection_cppExport-noconfig.cmake
[3.117s] -- Installing: /home/bodlaire/Desktop/Sim/install/drive_bridge_msg/share/drive_bridge_msg/cmake/drive_bridge_msg__rosidl_typesupport_cppExport.cmake
[3.118s] -- Installing: /home/bodlaire/Desktop/Sim/install/drive_bridge_msg/share/drive_bridge_msg/cmake/drive_bridge_msg__rosidl_typesupport_cppExport-noconfig.cmake
[3.118s] -- Installing: /home/bodlaire/Desktop/Sim/install/drive_bridge_msg/share/drive_bridge_msg/cmake/rosidl_cmake-extras.cmake
[3.118s] -- Installing: /home/bodlaire/Desktop/Sim/install/drive_bridge_msg/share/drive_bridge_msg/cmake/ament_cmake_export_dependencies-extras.cmake
[3.118s] -- Installing: /home/bodlaire/Desktop/Sim/install/drive_bridge_msg/share/drive_bridge_msg/cmake/ament_cmake_export_libraries-extras.cmake
[3.118s] -- Installing: /home/bodlaire/Desktop/Sim/install/drive_bridge_msg/share/drive_bridge_msg/cmake/ament_cmake_export_targets-extras.cmake
[3.118s] -- Installing: /home/bodlaire/Desktop/Sim/install/drive_bridge_msg/share/drive_bridge_msg/cmake/ament_cmake_export_include_directories-extras.cmake
[3.118s] -- Installing: /home/bodlaire/Desktop/Sim/install/drive_bridge_msg/share/drive_bridge_msg/cmake/rosidl_cmake_export_typesupport_libraries-extras.cmake
[3.119s] -- Installing: /home/bodlaire/Desktop/Sim/install/drive_bridge_msg/share/drive_bridge_msg/cmake/rosidl_cmake_export_typesupport_targets-extras.cmake
[3.119s] -- Installing: /home/bodlaire/Desktop/Sim/install/drive_bridge_msg/share/drive_bridge_msg/cmake/drive_bridge_msgConfig.cmake
[3.119s] -- Installing: /home/bodlaire/Desktop/Sim/install/drive_bridge_msg/share/drive_bridge_msg/cmake/drive_bridge_msgConfig-version.cmake
[3.119s] -- Installing: /home/bodlaire/Desktop/Sim/install/drive_bridge_msg/share/drive_bridge_msg/package.xml
[3.121s] Invoked command in '/home/bodlaire/Desktop/Sim/build/drive_bridge_msg' returned '0': CMAKE_PREFIX_PATH=/opt/ros/foxy /usr/bin/cmake --install /home/bodlaire/Desktop/Sim/build/drive_bridge_msg
